\BOOKMARK [0][-]{dummy.1}{\376\377\000A\000b\000s\000t\000r\000a\000c\000t}{}% 1
\BOOKMARK [0][-]{dummy.2}{\376\377\000A\000c\000k\000n\000o\000w\000l\000e\000d\000g\000e\000m\000e\000n\000t\000s}{}% 2
\BOOKMARK [0][-]{dummy.3}{\376\377\000T\000a\000b\000l\000e\000\040\000o\000f\000\040\000C\000o\000n\000t\000e\000n\000t\000s}{}% 3
\BOOKMARK [0][-]{chapter.5}{\376\377\0001\000\040\000I\000n\000t\000r\000o\000d\000u\000c\000t\000i\000o\000n}{}% 4
\BOOKMARK [1][-]{section.6}{\376\377\0001\000.\0001\000\040\000M\000a\000i\000n\000\040\000S\000e\000c\000t\000i\000o\000n\000\040\0001}{chapter.5}% 5
\BOOKMARK [2][-]{subsection.7}{\376\377\0001\000.\0001\000.\0001\000\040\000S\000u\000b\000s\000e\000c\000t\000i\000o\000n\000\040\0001}{section.6}% 6
\BOOKMARK [2][-]{subsection.8}{\376\377\0001\000.\0001\000.\0002\000\040\000S\000u\000b\000s\000e\000c\000t\000i\000o\000n\000\040\0002}{section.6}% 7
\BOOKMARK [1][-]{section.9}{\376\377\0001\000.\0002\000\040\000M\000a\000i\000n\000\040\000S\000e\000c\000t\000i\000o\000n\000\040\0002}{chapter.5}% 8
\BOOKMARK [0][-]{chapter.10}{\376\377\0002\000\040\000L\000i\000t\000e\000r\000a\000t\000u\000r\000e\000\040\000R\000e\000v\000i\000e\000w}{}% 9
\BOOKMARK [1][-]{section.11}{\376\377\0002\000.\0001\000\040\000M\000a\000i\000n\000\040\000S\000e\000c\000t\000i\000o\000n\000\040\0001}{chapter.10}% 10
\BOOKMARK [2][-]{subsection.12}{\376\377\0002\000.\0001\000.\0001\000\040\000S\000u\000b\000s\000e\000c\000t\000i\000o\000n\000\040\0001}{section.11}% 11
\BOOKMARK [2][-]{subsection.13}{\376\377\0002\000.\0001\000.\0002\000\040\000S\000u\000b\000s\000e\000c\000t\000i\000o\000n\000\040\0002}{section.11}% 12
\BOOKMARK [1][-]{section.14}{\376\377\0002\000.\0002\000\040\000M\000a\000i\000n\000\040\000S\000e\000c\000t\000i\000o\000n\000\040\0002}{chapter.10}% 13
\BOOKMARK [0][-]{chapter.15}{\376\377\0003\000\040\000R\000e\000s\000e\000a\000r\000c\000h\000\040\000M\000e\000t\000h\000o\000d}{}% 14
\BOOKMARK [1][-]{section.16}{\376\377\0003\000.\0001\000\040\000M\000a\000i\000n\000\040\000S\000e\000c\000t\000i\000o\000n\000\040\0001}{chapter.15}% 15
\BOOKMARK [2][-]{subsection.17}{\376\377\0003\000.\0001\000.\0001\000\040\000S\000u\000b\000s\000e\000c\000t\000i\000o\000n\000\040\0001}{section.16}% 16
\BOOKMARK [2][-]{subsection.18}{\376\377\0003\000.\0001\000.\0002\000\040\000S\000u\000b\000s\000e\000c\000t\000i\000o\000n\000\040\0002}{section.16}% 17
\BOOKMARK [1][-]{section.19}{\376\377\0003\000.\0002\000\040\000M\000a\000i\000n\000\040\000S\000e\000c\000t\000i\000o\000n\000\040\0002}{chapter.15}% 18
\BOOKMARK [0][-]{chapter.20}{\376\377\0004\000\040\000B\000o\000d\000y\000\040\000o\000f\000\040\000T\000e\000x\000t}{}% 19
\BOOKMARK [1][-]{section.21}{\376\377\0004\000.\0001\000\040\000M\000a\000i\000n\000\040\000S\000e\000c\000t\000i\000o\000n\000\040\0001}{chapter.20}% 20
\BOOKMARK [2][-]{subsection.22}{\376\377\0004\000.\0001\000.\0001\000\040\000S\000u\000b\000s\000e\000c\000t\000i\000o\000n\000\040\0001}{section.21}% 21
\BOOKMARK [2][-]{subsection.23}{\376\377\0004\000.\0001\000.\0002\000\040\000S\000u\000b\000s\000e\000c\000t\000i\000o\000n\000\040\0002}{section.21}% 22
\BOOKMARK [1][-]{section.24}{\376\377\0004\000.\0002\000\040\000M\000a\000i\000n\000\040\000S\000e\000c\000t\000i\000o\000n\000\040\0002}{chapter.20}% 23
\BOOKMARK [0][-]{chapter.25}{\376\377\0005\000\040\000B\000o\000d\000y\000\040\000o\000f\000\040\000T\000e\000x\000t}{}% 24
\BOOKMARK [1][-]{section.26}{\376\377\0005\000.\0001\000\040\000M\000a\000i\000n\000\040\000S\000e\000c\000t\000i\000o\000n\000\040\0001}{chapter.25}% 25
\BOOKMARK [2][-]{subsection.27}{\376\377\0005\000.\0001\000.\0001\000\040\000S\000u\000b\000s\000e\000c\000t\000i\000o\000n\000\040\0001}{section.26}% 26
\BOOKMARK [2][-]{subsection.28}{\376\377\0005\000.\0001\000.\0002\000\040\000S\000u\000b\000s\000e\000c\000t\000i\000o\000n\000\040\0002}{section.26}% 27
\BOOKMARK [1][-]{section.29}{\376\377\0005\000.\0002\000\040\000M\000a\000i\000n\000\040\000S\000e\000c\000t\000i\000o\000n\000\040\0002}{chapter.25}% 28
\BOOKMARK [0][-]{chapter.30}{\376\377\0006\000\040\000B\000o\000d\000y\000\040\000o\000f\000\040\000T\000e\000x\000t}{}% 29
\BOOKMARK [1][-]{section.31}{\376\377\0006\000.\0001\000\040\000M\000a\000i\000n\000\040\000S\000e\000c\000t\000i\000o\000n\000\040\0001}{chapter.30}% 30
\BOOKMARK [2][-]{subsection.32}{\376\377\0006\000.\0001\000.\0001\000\040\000S\000u\000b\000s\000e\000c\000t\000i\000o\000n\000\040\0001}{section.31}% 31
\BOOKMARK [2][-]{subsection.33}{\376\377\0006\000.\0001\000.\0002\000\040\000S\000u\000b\000s\000e\000c\000t\000i\000o\000n\000\040\0002}{section.31}% 32
\BOOKMARK [1][-]{section.34}{\376\377\0006\000.\0002\000\040\000M\000a\000i\000n\000\040\000S\000e\000c\000t\000i\000o\000n\000\040\0002}{chapter.30}% 33
\BOOKMARK [0][-]{chapter.35}{\376\377\0007\000\040\000C\000o\000n\000c\000l\000u\000s\000i\000o\000n}{}% 34
\BOOKMARK [1][-]{section.36}{\376\377\0007\000.\0001\000\040\000M\000a\000i\000n\000\040\000S\000e\000c\000t\000i\000o\000n\000\040\0001}{chapter.35}% 35
\BOOKMARK [2][-]{subsection.37}{\376\377\0007\000.\0001\000.\0001\000\040\000S\000u\000b\000s\000e\000c\000t\000i\000o\000n\000\040\0001}{section.36}% 36
\BOOKMARK [2][-]{subsection.38}{\376\377\0007\000.\0001\000.\0002\000\040\000S\000u\000b\000s\000e\000c\000t\000i\000o\000n\000\040\0002}{section.36}% 37
\BOOKMARK [1][-]{section.39}{\376\377\0007\000.\0002\000\040\000M\000a\000i\000n\000\040\000S\000e\000c\000t\000i\000o\000n\000\040\0002}{chapter.35}% 38
\BOOKMARK [0][-]{dummy.40}{\376\377\000B\000i\000b\000l\000i\000o\000g\000r\000a\000p\000h\000y}{}% 39
\BOOKMARK [0][-]{dummy.41}{\376\377\000S\000t\000a\000t\000e\000m\000e\000n\000t\000\040\000o\000f\000\040\000A\000u\000t\000h\000e\000n\000t\000i\000c\000i\000t\000y}{}% 40
\BOOKMARK [0][-]{dummy.43}{\376\377\000G\000l\000o\000s\000s\000a\000r\000y}{}% 41
\BOOKMARK [0][-]{dummy.44}{\376\377\000A\000b\000b\000r\000e\000v\000i\000a\000t\000i\000o\000n\000s}{}% 42
\BOOKMARK [0][-]{dummy.45}{\376\377\000L\000i\000s\000t\000\040\000o\000f\000\040\000F\000i\000g\000u\000r\000e\000s}{}% 43
\BOOKMARK [0][-]{dummy.47}{\376\377\000L\000i\000s\000t\000\040\000o\000f\000\040\000T\000a\000b\000l\000e\000s}{}% 44
\BOOKMARK [0][-]{appendix.49}{\376\377\000A\000\040\000A\000p\000p\000e\000n\000d\000i\000x\000\040\000T\000i\000t\000l\000e\000\040\000H\000e\000r\000e}{}% 45
\BOOKMARK [0][-]{appendix.50}{\376\377\000B\000\040\000A\000p\000p\000e\000n\000d\000i\000x\000\040\000T\000i\000t\000l\000e\000\040\000H\000e\000r\000e}{}% 46
